{"D:\\Course\\Bootcamp\\ReactJS\\React Codes\\FoodVillaa\\src\\components\\Contact.jsx": {"path":"D:\\Course\\Bootcamp\\ReactJS\\React Codes\\FoodVillaa\\src\\components\\Contact.jsx","statementMap":{"0":{"start":{"line":4,"column":2},"end":{"line":49,"column":4}}},"fnMap":{"0":{"name":"Contact","decl":{"start":{"line":3,"column":9},"end":{"line":3,"column":16}},"loc":{"start":{"line":3,"column":19},"end":{"line":50,"column":1}},"line":3}},"branchMap":{},"s":{"0":4},"f":{"0":4},"b":{},"_coverageSchema":"1a1c01bbd47fc00a2c39e90264f33305004495a9","hash":"206ed529e70b3bb8bc54942aa7f140bf043c4b0a"}
}
